[2026-07-22T08:23:48.116+0000] {local_task_job_runner.py:120} INFO - ::group::Pre task execution logs
[2026-07-22T08:23:48.278+0000] {taskinstance.py:2076} INFO - Dependencies all met for dep_context=non-requeueable deps ti=<TaskInstance: historisation_dwh.construire_marts scheduled__2026-07-21T02:00:00+00:00 [queued]>
[2026-07-22T08:23:48.302+0000] {taskinstance.py:2076} INFO - Dependencies all met for dep_context=requeueable deps ti=<TaskInstance: historisation_dwh.construire_marts scheduled__2026-07-21T02:00:00+00:00 [queued]>
[2026-07-22T08:23:48.303+0000] {taskinstance.py:2306} INFO - Starting attempt 1 of 2
[2026-07-22T08:23:48.340+0000] {taskinstance.py:2330} INFO - Executing <Task(BashOperator): construire_marts> on 2026-07-21 02:00:00+00:00
[2026-07-22T08:23:48.349+0000] {standard_task_runner.py:63} INFO - Started process 1995 to run task
[2026-07-22T08:23:48.354+0000] {standard_task_runner.py:90} INFO - Running: ['airflow', 'tasks', 'run', 'historisation_dwh', 'construire_marts', 'scheduled__2026-07-21T02:00:00+00:00', '--job-id', '45', '--raw', '--subdir', 'DAGS_FOLDER/historisation_dwh.py', '--cfg-path', '/tmp/tmpimdm6szm']
[2026-07-22T08:23:48.357+0000] {standard_task_runner.py:91} INFO - Job 45: Subtask construire_marts
[2026-07-22T08:23:48.494+0000] {task_command.py:426} INFO - Running <TaskInstance: historisation_dwh.construire_marts scheduled__2026-07-21T02:00:00+00:00 [running]> on host 48af0895738b
[2026-07-22T08:23:48.703+0000] {taskinstance.py:2648} INFO - Exporting env vars: AIRFLOW_CTX_DAG_OWNER='data-quality' AIRFLOW_CTX_DAG_ID='historisation_dwh' AIRFLOW_CTX_TASK_ID='construire_marts' AIRFLOW_CTX_EXECUTION_DATE='2026-07-21T02:00:00+00:00' AIRFLOW_CTX_TRY_NUMBER='1' AIRFLOW_CTX_DAG_RUN_ID='scheduled__2026-07-21T02:00:00+00:00'
[2026-07-22T08:23:48.705+0000] {taskinstance.py:430} INFO - ::endgroup::
[2026-07-22T08:23:48.745+0000] {subprocess.py:63} INFO - Tmp dir root location: /tmp
[2026-07-22T08:23:48.747+0000] {subprocess.py:75} INFO - Running command: ['/usr/bin/bash', '-c', 'cd /opt/project/dbt && dbt run --profiles-dir . --target dev']
[2026-07-22T08:23:48.766+0000] {subprocess.py:86} INFO - Output:
[2026-07-22T10:05:00.482+0000] {subprocess.py:93} INFO - [0m10:05:00  Running with dbt=1.8.0
[2026-07-22T10:05:01.195+0000] {subprocess.py:93} INFO - [0m10:05:01  Registered adapter: postgres=1.8.0
[2026-07-22T10:05:03.003+0000] {subprocess.py:93} INFO - [0m10:05:03  Found 18 models, 3 snapshots, 38 data tests, 8 sources, 428 macros
[2026-07-22T10:05:03.012+0000] {subprocess.py:93} INFO - [0m10:05:03
[2026-07-22T10:05:03.636+0000] {subprocess.py:93} INFO - [0m10:05:03  Concurrency: 4 threads (target='dev')
[2026-07-22T10:05:03.638+0000] {subprocess.py:93} INFO - [0m10:05:03
[2026-07-22T10:05:03.659+0000] {subprocess.py:93} INFO - [0m10:05:03  1 of 18 START sql table model public_dwh_qualite.dim_regle ..................... [RUN]
[2026-07-22T10:05:03.661+0000] {subprocess.py:93} INFO - [0m10:05:03  2 of 18 START sql table model public_dwh_qualite.dim_temps ..................... [RUN]
[2026-07-22T10:05:03.664+0000] {subprocess.py:93} INFO - [0m10:05:03  3 of 18 START sql view model public_staging.stg_agences ........................ [RUN]
[2026-07-22T10:05:03.666+0000] {subprocess.py:93} INFO - [0m10:05:03  4 of 18 START sql view model public_staging.stg_cartes ......................... [RUN]
[2026-07-22T10:05:04.225+0000] {subprocess.py:93} INFO - [0m10:05:04  4 of 18 OK created sql view model public_staging.stg_cartes .................... [[32mCREATE VIEW[0m in 0.54s]
[2026-07-22T10:05:04.238+0000] {subprocess.py:93} INFO - [0m10:05:04  3 of 18 OK created sql view model public_staging.stg_agences ................... [[32mCREATE VIEW[0m in 0.56s]
[2026-07-22T10:05:04.251+0000] {subprocess.py:93} INFO - [0m10:05:04  5 of 18 START sql view model public_staging.stg_clients ........................ [RUN]
[2026-07-22T10:05:04.264+0000] {subprocess.py:93} INFO - [0m10:05:04  1 of 18 OK created sql table model public_dwh_qualite.dim_regle ................ [[32mSELECT 9[0m in 0.59s]
[2026-07-22T10:05:04.266+0000] {subprocess.py:93} INFO - [0m10:05:04  6 of 18 START sql view model public_staging.stg_comptes ........................ [RUN]
[2026-07-22T10:05:04.279+0000] {subprocess.py:93} INFO - [0m10:05:04  2 of 18 OK created sql table model public_dwh_qualite.dim_temps ................ [[32mSELECT 4383[0m in 0.60s]
[2026-07-22T10:05:04.293+0000] {subprocess.py:93} INFO - [0m10:05:04  7 of 18 START sql view model public_staging.stg_digital_usage .................. [RUN]
[2026-07-22T10:05:04.307+0000] {subprocess.py:93} INFO - [0m10:05:04  8 of 18 START sql view model public_staging.stg_gabs ........................... [RUN]
[2026-07-22T10:05:04.907+0000] {subprocess.py:93} INFO - [0m10:05:04  5 of 18 OK created sql view model public_staging.stg_clients ................... [[32mCREATE VIEW[0m in 0.62s]
[2026-07-22T10:05:04.967+0000] {subprocess.py:93} INFO - [0m10:05:04  9 of 18 START sql view model public_staging.stg_transactions ................... [RUN]
[2026-07-22T10:05:05.018+0000] {subprocess.py:93} INFO - [0m10:05:05  6 of 18 OK created sql view model public_staging.stg_comptes ................... [[32mCREATE VIEW[0m in 0.73s]
[2026-07-22T10:05:05.027+0000] {subprocess.py:93} INFO - [0m10:05:05  8 of 18 OK created sql view model public_staging.stg_gabs ...................... [[32mCREATE VIEW[0m in 0.69s]
[2026-07-22T10:05:05.058+0000] {subprocess.py:93} INFO - [0m10:05:05  7 of 18 OK created sql view model public_staging.stg_digital_usage ............. [[32mCREATE VIEW[0m in 0.74s]
[2026-07-22T10:05:05.070+0000] {subprocess.py:93} INFO - [0m10:05:05  10 of 18 START sql table model public_dwh_metier.dim_agence .................... [RUN]
[2026-07-22T10:05:05.134+0000] {subprocess.py:93} INFO - [0m10:05:05  11 of 18 START sql table model public_marts.dim_agences ........................ [RUN]
[2026-07-22T10:05:05.541+0000] {subprocess.py:93} INFO - [0m10:05:05  12 of 18 START sql table model public_dwh_qualite.fct_quality .................. [RUN]
[2026-07-22T10:05:06.106+0000] {subprocess.py:93} INFO - [0m10:05:06  9 of 18 OK created sql view model public_staging.stg_transactions .............. [[32mCREATE VIEW[0m in 1.10s]
[2026-07-22T10:05:06.152+0000] {subprocess.py:93} INFO - [0m10:05:06  13 of 18 START sql table model public_dwh_metier.dim_client .................... [RUN]
[2026-07-22T10:05:06.265+0000] {subprocess.py:93} INFO - [0m10:05:06  10 of 18 OK created sql table model public_dwh_metier.dim_agence ............... [[32mSELECT 20[0m in 1.01s]
[2026-07-22T10:05:06.290+0000] {subprocess.py:93} INFO - [0m10:05:06  14 of 18 START sql table model public_marts.dim_clients ........................ [RUN]
[2026-07-22T10:05:06.294+0000] {subprocess.py:93} INFO - [0m10:05:06  11 of 18 OK created sql table model public_marts.dim_agences ................... [[32mSELECT 20[0m in 0.81s]
[2026-07-22T10:05:06.325+0000] {subprocess.py:93} INFO - [0m10:05:06  15 of 18 START sql table model public_dwh_metier.dim_compte .................... [RUN]
[2026-07-22T10:05:06.681+0000] {subprocess.py:93} INFO - [0m10:05:06  13 of 18 OK created sql table model public_dwh_metier.dim_client ............... [[32mSELECT 4850[0m in 0.51s]
[2026-07-22T10:05:06.710+0000] {subprocess.py:93} INFO - [0m10:05:06  16 of 18 START sql table model public_marts.dim_comptes ........................ [RUN]
[2026-07-22T10:05:06.863+0000] {subprocess.py:93} INFO - [0m10:05:06  14 of 18 OK created sql table model public_marts.dim_clients ................... [[32mSELECT 5000[0m in 0.56s]
[2026-07-22T10:05:06.877+0000] {subprocess.py:93} INFO - [0m10:05:06  15 of 18 OK created sql table model public_dwh_metier.dim_compte ............... [[32mSELECT 6600[0m in 0.53s]
[2026-07-22T10:05:06.887+0000] {subprocess.py:93} INFO - [0m10:05:06  17 of 18 START sql table model public_dwh_metier.fct_transaction ............... [RUN]
[2026-07-22T10:05:06.901+0000] {subprocess.py:93} INFO - [0m10:05:06  18 of 18 START sql table model public_marts.fct_transactions ................... [RUN]
[2026-07-22T10:05:07.201+0000] {subprocess.py:93} INFO - [0m10:05:07  16 of 18 OK created sql table model public_marts.dim_comptes ................... [[32mSELECT 7007[0m in 0.48s]
[2026-07-22T10:05:07.462+0000] {subprocess.py:93} INFO - [0m10:05:07  12 of 18 OK created sql table model public_dwh_qualite.fct_quality ............. [[32mSELECT 168507[0m in 1.89s]
[2026-07-22T10:05:08.044+0000] {subprocess.py:93} INFO - [0m10:05:08  17 of 18 OK created sql table model public_dwh_metier.fct_transaction .......... [[32mSELECT 91490[0m in 1.13s]
[2026-07-22T10:05:08.104+0000] {subprocess.py:93} INFO - [0m10:05:08  18 of 18 OK created sql table model public_marts.fct_transactions .............. [[32mSELECT 100000[0m in 1.19s]
[2026-07-22T10:05:08.234+0000] {subprocess.py:93} INFO - [0m10:05:08
[2026-07-22T10:05:08.236+0000] {subprocess.py:93} INFO - [0m10:05:08  Finished running 7 view models, 11 table models in 0 hours 0 minutes and 5.22 seconds (5.22s).
[2026-07-22T10:05:08.380+0000] {subprocess.py:93} INFO - [0m10:05:08
[2026-07-22T10:05:08.382+0000] {subprocess.py:93} INFO - [0m10:05:08  [32mCompleted successfully[0m
[2026-07-22T10:05:08.385+0000] {subprocess.py:93} INFO - [0m10:05:08
[2026-07-22T10:05:08.386+0000] {subprocess.py:93} INFO - [0m10:05:08  Done. PASS=18 WARN=0 ERROR=0 SKIP=0 TOTAL=18
[2026-07-22T10:05:14.145+0000] {subprocess.py:97} INFO - Command exited with return code 0
[2026-07-22T10:05:14.150+0000] {taskinstance.py:441} INFO - ::group::Post task execution logs
[2026-07-22T10:05:15.092+0000] {taskinstance.py:1206} INFO - Marking task as SUCCESS. dag_id=historisation_dwh, task_id=construire_marts, run_id=scheduled__2026-07-21T02:00:00+00:00, execution_date=20260721T020000, start_date=20260722T082348, end_date=20260722T100515
[2026-07-22T10:05:15.132+0000] {local_task_job_runner.py:240} INFO - Task exited with return code 0
[2026-07-22T10:05:15.163+0000] {taskinstance.py:3503} INFO - 1 downstream tasks scheduled from follow-on schedule check
[2026-07-22T10:05:15.167+0000] {local_task_job_runner.py:222} INFO - ::endgroup::
