[2026-07-16T08:51:24.248+0000] {local_task_job_runner.py:120} INFO - ::group::Pre task execution logs
[2026-07-16T08:51:24.315+0000] {taskinstance.py:2076} INFO - Dependencies all met for dep_context=non-requeueable deps ti=<TaskInstance: historisation_dwh.construire_marts manual__2026-07-16T08:51:23.158380+00:00 [queued]>
[2026-07-16T08:51:24.327+0000] {taskinstance.py:2076} INFO - Dependencies all met for dep_context=requeueable deps ti=<TaskInstance: historisation_dwh.construire_marts manual__2026-07-16T08:51:23.158380+00:00 [queued]>
[2026-07-16T08:51:24.329+0000] {taskinstance.py:2306} INFO - Starting attempt 1 of 2
[2026-07-16T08:51:24.350+0000] {taskinstance.py:2330} INFO - Executing <Task(BashOperator): construire_marts> on 2026-07-16 08:51:23.158380+00:00
[2026-07-16T08:51:24.356+0000] {standard_task_runner.py:63} INFO - Started process 1093 to run task
[2026-07-16T08:51:24.360+0000] {standard_task_runner.py:90} INFO - Running: ['airflow', 'tasks', 'run', 'historisation_dwh', 'construire_marts', 'manual__2026-07-16T08:51:23.158380+00:00', '--job-id', '28', '--raw', '--subdir', 'DAGS_FOLDER/historisation_dwh.py', '--cfg-path', '/tmp/tmps0e6vios']
[2026-07-16T08:51:24.364+0000] {standard_task_runner.py:91} INFO - Job 28: Subtask construire_marts
[2026-07-16T08:51:24.495+0000] {task_command.py:426} INFO - Running <TaskInstance: historisation_dwh.construire_marts manual__2026-07-16T08:51:23.158380+00:00 [running]> on host 48af0895738b
[2026-07-16T08:51:24.671+0000] {taskinstance.py:2648} INFO - Exporting env vars: AIRFLOW_CTX_DAG_OWNER='data-quality' AIRFLOW_CTX_DAG_ID='historisation_dwh' AIRFLOW_CTX_TASK_ID='construire_marts' AIRFLOW_CTX_EXECUTION_DATE='2026-07-16T08:51:23.158380+00:00' AIRFLOW_CTX_TRY_NUMBER='1' AIRFLOW_CTX_DAG_RUN_ID='manual__2026-07-16T08:51:23.158380+00:00'
[2026-07-16T08:51:24.673+0000] {taskinstance.py:430} INFO - ::endgroup::
[2026-07-16T08:51:24.690+0000] {subprocess.py:63} INFO - Tmp dir root location: /tmp
[2026-07-16T08:51:24.691+0000] {subprocess.py:75} INFO - Running command: ['/usr/bin/bash', '-c', 'cd /opt/project/dbt && dbt run --profiles-dir . --target dev']
[2026-07-16T08:51:24.703+0000] {subprocess.py:86} INFO - Output:
[2026-07-16T08:51:26.718+0000] {subprocess.py:93} INFO - [0m08:51:26  Running with dbt=1.8.0
[2026-07-16T08:51:27.139+0000] {subprocess.py:93} INFO - [0m08:51:27  Registered adapter: postgres=1.8.0
[2026-07-16T08:51:27.474+0000] {subprocess.py:93} INFO - [0m08:51:27  Unable to do partial parsing because config vars, config profile, or config target have changed
[2026-07-16T08:51:30.524+0000] {subprocess.py:93} INFO - [0m08:51:30  [[33mWARNING[0m]: Deprecated functionality
[2026-07-16T08:51:30.526+0000] {subprocess.py:93} INFO - The `tests` config has been renamed to `data_tests`. Please see
[2026-07-16T08:51:30.526+0000] {subprocess.py:93} INFO - https://docs.getdbt.com/docs/build/data-tests#new-data_tests-syntax for more
[2026-07-16T08:51:30.527+0000] {subprocess.py:93} INFO - information.
[2026-07-16T08:51:31.255+0000] {subprocess.py:93} INFO - [0m08:51:31  Found 18 models, 3 snapshots, 38 data tests, 8 sources, 428 macros
[2026-07-16T08:51:31.263+0000] {subprocess.py:93} INFO - [0m08:51:31
[2026-07-16T08:51:31.842+0000] {subprocess.py:93} INFO - [0m08:51:31  Concurrency: 4 threads (target='dev')
[2026-07-16T08:51:31.843+0000] {subprocess.py:93} INFO - [0m08:51:31
[2026-07-16T08:51:31.856+0000] {subprocess.py:93} INFO - [0m08:51:31  1 of 18 START sql table model public_dwh_qualite.dim_regle ..................... [RUN]
[2026-07-16T08:51:31.858+0000] {subprocess.py:93} INFO - [0m08:51:31  2 of 18 START sql table model public_dwh_qualite.dim_temps ..................... [RUN]
[2026-07-16T08:51:31.859+0000] {subprocess.py:93} INFO - [0m08:51:31  3 of 18 START sql view model public_staging.stg_agences ........................ [RUN]
[2026-07-16T08:51:31.860+0000] {subprocess.py:93} INFO - [0m08:51:31  4 of 18 START sql view model public_staging.stg_cartes ......................... [RUN]
[2026-07-16T08:51:32.247+0000] {subprocess.py:93} INFO - [0m08:51:32  3 of 18 OK created sql view model public_staging.stg_agences ................... [[32mCREATE VIEW[0m in 0.38s]
[2026-07-16T08:51:32.265+0000] {subprocess.py:93} INFO - [0m08:51:32  4 of 18 OK created sql view model public_staging.stg_cartes .................... [[32mCREATE VIEW[0m in 0.39s]
[2026-07-16T08:51:32.267+0000] {subprocess.py:93} INFO - [0m08:51:32  2 of 18 OK created sql table model public_dwh_qualite.dim_temps ................ [[32mSELECT 4383[0m in 0.39s]
[2026-07-16T08:51:32.269+0000] {subprocess.py:93} INFO - [0m08:51:32  1 of 18 OK created sql table model public_dwh_qualite.dim_regle ................ [[32mSELECT 9[0m in 0.40s]
[2026-07-16T08:51:32.271+0000] {subprocess.py:93} INFO - [0m08:51:32  5 of 18 START sql view model public_staging.stg_clients ........................ [RUN]
[2026-07-16T08:51:32.285+0000] {subprocess.py:93} INFO - [0m08:51:32  6 of 18 START sql view model public_staging.stg_comptes ........................ [RUN]
[2026-07-16T08:51:32.287+0000] {subprocess.py:93} INFO - [0m08:51:32  7 of 18 START sql view model public_staging.stg_digital_usage .................. [RUN]
[2026-07-16T08:51:32.288+0000] {subprocess.py:93} INFO - [0m08:51:32  8 of 18 START sql view model public_staging.stg_gabs ........................... [RUN]
[2026-07-16T08:51:32.568+0000] {subprocess.py:93} INFO - [0m08:51:32  7 of 18 OK created sql view model public_staging.stg_digital_usage ............. [[32mCREATE VIEW[0m in 0.27s]
[2026-07-16T08:51:32.584+0000] {subprocess.py:93} INFO - [0m08:51:32  6 of 18 OK created sql view model public_staging.stg_comptes ................... [[32mCREATE VIEW[0m in 0.28s]
[2026-07-16T08:51:32.591+0000] {subprocess.py:93} INFO - [0m08:51:32  5 of 18 OK created sql view model public_staging.stg_clients ................... [[32mCREATE VIEW[0m in 0.30s]
[2026-07-16T08:51:32.595+0000] {subprocess.py:93} INFO - [0m08:51:32  9 of 18 START sql view model public_staging.stg_transactions ................... [RUN]
[2026-07-16T08:51:32.596+0000] {subprocess.py:93} INFO - [0m08:51:32  8 of 18 OK created sql view model public_staging.stg_gabs ...................... [[32mCREATE VIEW[0m in 0.29s]
[2026-07-16T08:51:32.608+0000] {subprocess.py:93} INFO - [0m08:51:32  10 of 18 START sql table model public_dwh_metier.dim_agence .................... [RUN]
[2026-07-16T08:51:32.614+0000] {subprocess.py:93} INFO - [0m08:51:32  11 of 18 START sql table model public_marts.dim_agences ........................ [RUN]
[2026-07-16T08:51:32.623+0000] {subprocess.py:93} INFO - [0m08:51:32  12 of 18 START sql table model public_dwh_qualite.fct_quality .................. [RUN]
[2026-07-16T08:51:32.932+0000] {subprocess.py:93} INFO - [0m08:51:32  9 of 18 OK created sql view model public_staging.stg_transactions .............. [[32mCREATE VIEW[0m in 0.32s]
[2026-07-16T08:51:32.946+0000] {subprocess.py:93} INFO - [0m08:51:32  13 of 18 START sql table model public_dwh_metier.dim_compte .................... [RUN]
[2026-07-16T08:51:32.960+0000] {subprocess.py:93} INFO - [0m08:51:32  11 of 18 OK created sql table model public_marts.dim_agences ................... [[32mSELECT 20[0m in 0.33s]
[2026-07-16T08:51:32.971+0000] {subprocess.py:93} INFO - [0m08:51:32  10 of 18 OK created sql table model public_dwh_metier.dim_agence ............... [[32mSELECT 20[0m in 0.35s]
[2026-07-16T08:51:32.977+0000] {subprocess.py:93} INFO - [0m08:51:32  14 of 18 START sql table model public_dwh_metier.dim_client .................... [RUN]
[2026-07-16T08:51:32.983+0000] {subprocess.py:93} INFO - [0m08:51:32  15 of 18 START sql table model public_marts.dim_clients ........................ [RUN]
[2026-07-16T08:51:33.225+0000] {subprocess.py:93} INFO - [0m08:51:33  13 of 18 OK created sql table model public_dwh_metier.dim_compte ............... [[32mSELECT 6600[0m in 0.27s]
[2026-07-16T08:51:33.241+0000] {subprocess.py:93} INFO - [0m08:51:33  16 of 18 START sql table model public_marts.dim_comptes ........................ [RUN]
[2026-07-16T08:51:33.310+0000] {subprocess.py:93} INFO - [0m08:51:33  15 of 18 OK created sql table model public_marts.dim_clients ................... [[32mSELECT 5000[0m in 0.32s]
[2026-07-16T08:51:33.311+0000] {subprocess.py:93} INFO - [0m08:51:33  14 of 18 OK created sql table model public_dwh_metier.dim_client ............... [[32mSELECT 4850[0m in 0.33s]
[2026-07-16T08:51:33.323+0000] {subprocess.py:93} INFO - [0m08:51:33  17 of 18 START sql table model public_dwh_metier.fct_transaction ............... [RUN]
[2026-07-16T08:51:33.326+0000] {subprocess.py:93} INFO - [0m08:51:33  18 of 18 START sql table model public_marts.fct_transactions ................... [RUN]
[2026-07-16T08:51:33.363+0000] {subprocess.py:93} INFO - [0m08:51:33  12 of 18 OK created sql table model public_dwh_qualite.fct_quality ............. [[32mSELECT 168507[0m in 0.73s]
[2026-07-16T08:51:33.479+0000] {subprocess.py:93} INFO - [0m08:51:33  16 of 18 OK created sql table model public_marts.dim_comptes ................... [[32mSELECT 7007[0m in 0.23s]
[2026-07-16T08:51:33.753+0000] {subprocess.py:93} INFO - [0m08:51:33  17 of 18 OK created sql table model public_dwh_metier.fct_transaction .......... [[32mSELECT 91490[0m in 0.42s]
[2026-07-16T08:51:33.826+0000] {subprocess.py:93} INFO - [0m08:51:33  18 of 18 OK created sql table model public_marts.fct_transactions .............. [[32mSELECT 100000[0m in 0.49s]
[2026-07-16T08:51:33.874+0000] {subprocess.py:93} INFO - [0m08:51:33
[2026-07-16T08:51:33.876+0000] {subprocess.py:93} INFO - [0m08:51:33  Finished running 7 view models, 11 table models in 0 hours 0 minutes and 2.60 seconds (2.60s).
[2026-07-16T08:51:33.989+0000] {subprocess.py:93} INFO - [0m08:51:33
[2026-07-16T08:51:33.991+0000] {subprocess.py:93} INFO - [0m08:51:33  [32mCompleted successfully[0m
[2026-07-16T08:51:33.992+0000] {subprocess.py:93} INFO - [0m08:51:33
[2026-07-16T08:51:33.994+0000] {subprocess.py:93} INFO - [0m08:51:33  Done. PASS=18 WARN=0 ERROR=0 SKIP=0 TOTAL=18
[2026-07-16T08:51:37.016+0000] {subprocess.py:97} INFO - Command exited with return code 0
[2026-07-16T08:51:37.019+0000] {taskinstance.py:441} INFO - ::group::Post task execution logs
[2026-07-16T08:51:37.089+0000] {taskinstance.py:1206} INFO - Marking task as SUCCESS. dag_id=historisation_dwh, task_id=construire_marts, run_id=manual__2026-07-16T08:51:23.158380+00:00, execution_date=20260716T085123, start_date=20260716T085124, end_date=20260716T085137
[2026-07-16T08:51:37.389+0000] {local_task_job_runner.py:240} INFO - Task exited with return code 0
[2026-07-16T08:51:37.451+0000] {taskinstance.py:3503} INFO - 1 downstream tasks scheduled from follow-on schedule check
[2026-07-16T08:51:37.457+0000] {local_task_job_runner.py:222} INFO - ::endgroup::
