[2026-07-16T08:50:40.412+0000] {local_task_job_runner.py:120} INFO - ::group::Pre task execution logs
[2026-07-16T08:50:40.453+0000] {taskinstance.py:2076} INFO - Dependencies all met for dep_context=non-requeueable deps ti=<TaskInstance: reentrainement_modele.evaluer_declencheurs manual__2026-07-16T08:50:39.319345+00:00 [queued]>
[2026-07-16T08:50:40.461+0000] {taskinstance.py:2076} INFO - Dependencies all met for dep_context=requeueable deps ti=<TaskInstance: reentrainement_modele.evaluer_declencheurs manual__2026-07-16T08:50:39.319345+00:00 [queued]>
[2026-07-16T08:50:40.464+0000] {taskinstance.py:2306} INFO - Starting attempt 1 of 2
[2026-07-16T08:50:40.481+0000] {taskinstance.py:2330} INFO - Executing <Task(PythonOperator): evaluer_declencheurs> on 2026-07-16 08:50:39.319345+00:00
[2026-07-16T08:50:40.489+0000] {standard_task_runner.py:63} INFO - Started process 1068 to run task
[2026-07-16T08:50:40.492+0000] {standard_task_runner.py:90} INFO - Running: ['airflow', 'tasks', 'run', 'reentrainement_modele', 'evaluer_declencheurs', 'manual__2026-07-16T08:50:39.319345+00:00', '--job-id', '26', '--raw', '--subdir', 'DAGS_FOLDER/reentrainement_modele.py', '--cfg-path', '/tmp/tmpgh_ee43r']
[2026-07-16T08:50:40.496+0000] {standard_task_runner.py:91} INFO - Job 26: Subtask evaluer_declencheurs
[2026-07-16T08:50:40.607+0000] {task_command.py:426} INFO - Running <TaskInstance: reentrainement_modele.evaluer_declencheurs manual__2026-07-16T08:50:39.319345+00:00 [running]> on host 48af0895738b
[2026-07-16T08:50:40.748+0000] {taskinstance.py:2648} INFO - Exporting env vars: AIRFLOW_CTX_DAG_OWNER='data-quality' AIRFLOW_CTX_DAG_ID='reentrainement_modele' AIRFLOW_CTX_TASK_ID='evaluer_declencheurs' AIRFLOW_CTX_EXECUTION_DATE='2026-07-16T08:50:39.319345+00:00' AIRFLOW_CTX_TRY_NUMBER='1' AIRFLOW_CTX_DAG_RUN_ID='manual__2026-07-16T08:50:39.319345+00:00'
[2026-07-16T08:50:40.750+0000] {taskinstance.py:430} INFO - ::endgroup::
[2026-07-16T08:50:41.381+0000] {logging_mixin.py:188} INFO - Contextes connus du modele : ['ANALYSE_GEOGRAPHIQUE', 'ANALYSE_TRANSACTIONNELLE', 'CAMPAGNE_CONTACT']
[2026-07-16T08:50:41.411+0000] {logging_mixin.py:188} INFO - Nouvelles decisions depuis le dernier entrainement : 14102
[2026-07-16T08:50:41.412+0000] {logging_mixin.py:188} INFO - Aucun declencheur : volume 14102/20000, aucun contexte nouveau atteignant 500 decisions.
[2026-07-16T08:50:41.445+0000] {python.py:237} INFO - Done. Returned value was: False
[2026-07-16T08:50:41.448+0000] {taskinstance.py:441} INFO - ::group::Post task execution logs
[2026-07-16T08:50:41.496+0000] {taskinstance.py:1206} INFO - Marking task as SUCCESS. dag_id=reentrainement_modele, task_id=evaluer_declencheurs, run_id=manual__2026-07-16T08:50:39.319345+00:00, execution_date=20260716T085039, start_date=20260716T085040, end_date=20260716T085041
[2026-07-16T08:50:41.554+0000] {local_task_job_runner.py:240} INFO - Task exited with return code 0
[2026-07-16T08:50:41.621+0000] {taskinstance.py:3503} INFO - 1 downstream tasks scheduled from follow-on schedule check
[2026-07-16T08:50:41.666+0000] {local_task_job_runner.py:222} INFO - ::endgroup::
