[2026-07-16T08:52:12.137+0000] {local_task_job_runner.py:120} INFO - ::group::Pre task execution logs
[2026-07-16T08:52:12.182+0000] {taskinstance.py:2076} INFO - Dependencies all met for dep_context=non-requeueable deps ti=<TaskInstance: reentrainement_modele.brancher manual__2026-07-16T08:52:08.934819+00:00 [queued]>
[2026-07-16T08:52:12.192+0000] {taskinstance.py:2076} INFO - Dependencies all met for dep_context=requeueable deps ti=<TaskInstance: reentrainement_modele.brancher manual__2026-07-16T08:52:08.934819+00:00 [queued]>
[2026-07-16T08:52:12.194+0000] {taskinstance.py:2306} INFO - Starting attempt 1 of 2
[2026-07-16T08:52:12.212+0000] {taskinstance.py:2330} INFO - Executing <Task(BranchPythonOperator): brancher> on 2026-07-16 08:52:08.934819+00:00
[2026-07-16T08:52:12.222+0000] {standard_task_runner.py:63} INFO - Started process 1189 to run task
[2026-07-16T08:52:12.225+0000] {standard_task_runner.py:90} INFO - Running: ['airflow', 'tasks', 'run', 'reentrainement_modele', 'brancher', 'manual__2026-07-16T08:52:08.934819+00:00', '--job-id', '32', '--raw', '--subdir', 'DAGS_FOLDER/reentrainement_modele.py', '--cfg-path', '/tmp/tmpsqz30lyt']
[2026-07-16T08:52:12.229+0000] {standard_task_runner.py:91} INFO - Job 32: Subtask brancher
[2026-07-16T08:52:12.338+0000] {task_command.py:426} INFO - Running <TaskInstance: reentrainement_modele.brancher manual__2026-07-16T08:52:08.934819+00:00 [running]> on host 48af0895738b
[2026-07-16T08:52:12.520+0000] {taskinstance.py:2648} INFO - Exporting env vars: AIRFLOW_CTX_DAG_OWNER='data-quality' AIRFLOW_CTX_DAG_ID='reentrainement_modele' AIRFLOW_CTX_TASK_ID='brancher' AIRFLOW_CTX_EXECUTION_DATE='2026-07-16T08:52:08.934819+00:00' AIRFLOW_CTX_TRY_NUMBER='1' AIRFLOW_CTX_DAG_RUN_ID='manual__2026-07-16T08:52:08.934819+00:00'
[2026-07-16T08:52:12.521+0000] {taskinstance.py:430} INFO - ::endgroup::
[2026-07-16T08:52:12.534+0000] {baseoperator.py:400} WARNING - BranchPythonOperator.execute cannot be called outside TaskInstance!
[2026-07-16T08:52:12.806+0000] {python.py:237} INFO - Done. Returned value was: aucun_reentrainement
[2026-07-16T08:52:12.808+0000] {branch.py:36} INFO - Branch into aucun_reentrainement
[2026-07-16T08:52:12.808+0000] {skipmixin.py:178} INFO - Following branch aucun_reentrainement
[2026-07-16T08:52:12.875+0000] {skipmixin.py:246} INFO - Skipping tasks [('construire_jeu_entrainement', -1)]
[2026-07-16T08:52:12.941+0000] {taskinstance.py:441} INFO - ::group::Post task execution logs
[2026-07-16T08:52:13.010+0000] {taskinstance.py:1206} INFO - Marking task as SUCCESS. dag_id=reentrainement_modele, task_id=brancher, run_id=manual__2026-07-16T08:52:08.934819+00:00, execution_date=20260716T085208, start_date=20260716T085212, end_date=20260716T085213
[2026-07-16T08:52:13.043+0000] {local_task_job_runner.py:240} INFO - Task exited with return code 0
[2026-07-16T08:52:13.093+0000] {taskinstance.py:3503} INFO - 0 downstream tasks scheduled from follow-on schedule check
[2026-07-16T08:52:13.103+0000] {local_task_job_runner.py:222} INFO - ::endgroup::
