[2026-07-17T09:18:51.754+0000] {local_task_job_runner.py:120} INFO - ::group::Pre task execution logs
[2026-07-17T09:18:51.825+0000] {taskinstance.py:2076} INFO - Dependencies all met for dep_context=non-requeueable deps ti=<TaskInstance: historisation_dwh.historiser_snapshots scheduled__2026-07-16T02:00:00+00:00 [queued]>
[2026-07-17T09:18:51.845+0000] {taskinstance.py:2076} INFO - Dependencies all met for dep_context=requeueable deps ti=<TaskInstance: historisation_dwh.historiser_snapshots scheduled__2026-07-16T02:00:00+00:00 [queued]>
[2026-07-17T09:18:51.875+0000] {taskinstance.py:2306} INFO - Starting attempt 1 of 2
[2026-07-17T09:18:51.955+0000] {taskinstance.py:2330} INFO - Executing <Task(BashOperator): historiser_snapshots> on 2026-07-16 02:00:00+00:00
[2026-07-17T09:18:52.000+0000] {standard_task_runner.py:63} INFO - Started process 6580 to run task
[2026-07-17T09:18:52.008+0000] {standard_task_runner.py:90} INFO - Running: ['airflow', 'tasks', 'run', 'historisation_dwh', 'historiser_snapshots', 'scheduled__2026-07-16T02:00:00+00:00', '--job-id', '34', '--raw', '--subdir', 'DAGS_FOLDER/historisation_dwh.py', '--cfg-path', '/tmp/tmpsnly_p_z']
[2026-07-17T09:18:52.015+0000] {standard_task_runner.py:91} INFO - Job 34: Subtask historiser_snapshots
[2026-07-17T09:18:52.216+0000] {task_command.py:426} INFO - Running <TaskInstance: historisation_dwh.historiser_snapshots scheduled__2026-07-16T02:00:00+00:00 [running]> on host 48af0895738b
[2026-07-17T09:18:52.460+0000] {taskinstance.py:2648} INFO - Exporting env vars: AIRFLOW_CTX_DAG_OWNER='data-quality' AIRFLOW_CTX_DAG_ID='historisation_dwh' AIRFLOW_CTX_TASK_ID='historiser_snapshots' AIRFLOW_CTX_EXECUTION_DATE='2026-07-16T02:00:00+00:00' AIRFLOW_CTX_TRY_NUMBER='1' AIRFLOW_CTX_DAG_RUN_ID='scheduled__2026-07-16T02:00:00+00:00'
[2026-07-17T09:18:52.463+0000] {taskinstance.py:430} INFO - ::endgroup::
[2026-07-17T09:18:52.494+0000] {subprocess.py:63} INFO - Tmp dir root location: /tmp
[2026-07-17T09:18:52.498+0000] {subprocess.py:75} INFO - Running command: ['/usr/bin/bash', '-c', 'cd /opt/project/dbt && dbt snapshot --profiles-dir . --target dev']
[2026-07-17T09:18:52.516+0000] {subprocess.py:86} INFO - Output:
[2026-07-17T09:18:55.956+0000] {subprocess.py:93} INFO - [0m09:18:55  Running with dbt=1.8.0
[2026-07-17T09:18:56.484+0000] {subprocess.py:93} INFO - [0m09:18:56  Registered adapter: postgres=1.8.0
[2026-07-17T09:18:58.554+0000] {subprocess.py:93} INFO - [0m09:18:58  Found 18 models, 3 snapshots, 38 data tests, 8 sources, 428 macros
[2026-07-17T09:18:58.564+0000] {subprocess.py:93} INFO - [0m09:18:58
[2026-07-17T09:18:59.190+0000] {subprocess.py:93} INFO - [0m09:18:59  Concurrency: 4 threads (target='dev')
[2026-07-17T09:18:59.193+0000] {subprocess.py:93} INFO - [0m09:18:59
[2026-07-17T09:18:59.218+0000] {subprocess.py:93} INFO - [0m09:18:59  1 of 3 START snapshot dwh_metier.cartes_snapshot ............................... [RUN]
[2026-07-17T09:18:59.222+0000] {subprocess.py:93} INFO - [0m09:18:59  2 of 3 START snapshot dwh_metier.clients_snapshot .............................. [RUN]
[2026-07-17T09:18:59.224+0000] {subprocess.py:93} INFO - [0m09:18:59  3 of 3 START snapshot dwh_metier.comptes_snapshot .............................. [RUN]
[2026-07-17T09:19:00.570+0000] {subprocess.py:93} INFO - [0m09:19:00  1 of 3 OK snapshotted dwh_metier.cartes_snapshot ............................... [[32mINSERT 0 0[0m in 1.33s]
[2026-07-17T09:19:00.574+0000] {subprocess.py:93} INFO - [0m09:19:00  2 of 3 OK snapshotted dwh_metier.clients_snapshot .............................. [[32mINSERT 0 0[0m in 1.33s]
[2026-07-17T09:19:00.584+0000] {subprocess.py:93} INFO - [0m09:19:00  3 of 3 OK snapshotted dwh_metier.comptes_snapshot .............................. [[32mINSERT 0 0[0m in 1.33s]
[2026-07-17T09:19:00.677+0000] {subprocess.py:93} INFO - [0m09:19:00
[2026-07-17T09:19:00.679+0000] {subprocess.py:93} INFO - [0m09:19:00  Finished running 3 snapshots in 0 hours 0 minutes and 2.11 seconds (2.11s).
[2026-07-17T09:19:00.813+0000] {subprocess.py:93} INFO - [0m09:19:00
[2026-07-17T09:19:00.816+0000] {subprocess.py:93} INFO - [0m09:19:00  [32mCompleted successfully[0m
[2026-07-17T09:19:00.819+0000] {subprocess.py:93} INFO - [0m09:19:00
[2026-07-17T09:19:00.822+0000] {subprocess.py:93} INFO - [0m09:19:00  Done. PASS=3 WARN=0 ERROR=0 SKIP=0 TOTAL=3
[2026-07-17T09:19:04.503+0000] {subprocess.py:97} INFO - Command exited with return code 0
[2026-07-17T09:19:04.507+0000] {taskinstance.py:441} INFO - ::group::Post task execution logs
[2026-07-17T09:19:04.949+0000] {taskinstance.py:1206} INFO - Marking task as SUCCESS. dag_id=historisation_dwh, task_id=historiser_snapshots, run_id=scheduled__2026-07-16T02:00:00+00:00, execution_date=20260716T020000, start_date=20260717T091851, end_date=20260717T091904
[2026-07-17T09:19:05.034+0000] {local_task_job_runner.py:240} INFO - Task exited with return code 0
[2026-07-17T09:19:05.084+0000] {taskinstance.py:3503} INFO - 0 downstream tasks scheduled from follow-on schedule check
[2026-07-17T09:19:05.090+0000] {local_task_job_runner.py:222} INFO - ::endgroup::
