[2026-07-16T08:50:41.995+0000] {local_task_job_runner.py:120} INFO - ::group::Pre task execution logs
[2026-07-16T08:50:42.036+0000] {taskinstance.py:2076} INFO - Dependencies all met for dep_context=non-requeueable deps ti=<TaskInstance: reentrainement_modele.brancher manual__2026-07-16T08:50:39.319345+00:00 [queued]>
[2026-07-16T08:50:42.046+0000] {taskinstance.py:2076} INFO - Dependencies all met for dep_context=requeueable deps ti=<TaskInstance: reentrainement_modele.brancher manual__2026-07-16T08:50:39.319345+00:00 [queued]>
[2026-07-16T08:50:42.049+0000] {taskinstance.py:2306} INFO - Starting attempt 1 of 2
[2026-07-16T08:50:42.070+0000] {taskinstance.py:2330} INFO - Executing <Task(BranchPythonOperator): brancher> on 2026-07-16 08:50:39.319345+00:00
[2026-07-16T08:50:42.076+0000] {standard_task_runner.py:63} INFO - Started process 1071 to run task
[2026-07-16T08:50:42.080+0000] {standard_task_runner.py:90} INFO - Running: ['airflow', 'tasks', 'run', 'reentrainement_modele', 'brancher', 'manual__2026-07-16T08:50:39.319345+00:00', '--job-id', '27', '--raw', '--subdir', 'DAGS_FOLDER/reentrainement_modele.py', '--cfg-path', '/tmp/tmpsq0ymzc1']
[2026-07-16T08:50:42.083+0000] {standard_task_runner.py:91} INFO - Job 27: Subtask brancher
[2026-07-16T08:50:42.186+0000] {task_command.py:426} INFO - Running <TaskInstance: reentrainement_modele.brancher manual__2026-07-16T08:50:39.319345+00:00 [running]> on host 48af0895738b
[2026-07-16T08:50:42.397+0000] {taskinstance.py:2648} INFO - Exporting env vars: AIRFLOW_CTX_DAG_OWNER='data-quality' AIRFLOW_CTX_DAG_ID='reentrainement_modele' AIRFLOW_CTX_TASK_ID='brancher' AIRFLOW_CTX_EXECUTION_DATE='2026-07-16T08:50:39.319345+00:00' AIRFLOW_CTX_TRY_NUMBER='1' AIRFLOW_CTX_DAG_RUN_ID='manual__2026-07-16T08:50:39.319345+00:00'
[2026-07-16T08:50:42.399+0000] {taskinstance.py:430} INFO - ::endgroup::
[2026-07-16T08:50:42.419+0000] {baseoperator.py:400} WARNING - BranchPythonOperator.execute cannot be called outside TaskInstance!
[2026-07-16T08:50:42.637+0000] {python.py:237} INFO - Done. Returned value was: aucun_reentrainement
[2026-07-16T08:50:42.638+0000] {branch.py:36} INFO - Branch into aucun_reentrainement
[2026-07-16T08:50:42.639+0000] {skipmixin.py:178} INFO - Following branch aucun_reentrainement
[2026-07-16T08:50:42.680+0000] {skipmixin.py:246} INFO - Skipping tasks [('construire_jeu_entrainement', -1)]
[2026-07-16T08:50:42.776+0000] {taskinstance.py:441} INFO - ::group::Post task execution logs
[2026-07-16T08:50:42.828+0000] {taskinstance.py:1206} INFO - Marking task as SUCCESS. dag_id=reentrainement_modele, task_id=brancher, run_id=manual__2026-07-16T08:50:39.319345+00:00, execution_date=20260716T085039, start_date=20260716T085042, end_date=20260716T085042
[2026-07-16T08:50:42.857+0000] {local_task_job_runner.py:240} INFO - Task exited with return code 0
[2026-07-16T08:50:42.922+0000] {taskinstance.py:3503} INFO - 0 downstream tasks scheduled from follow-on schedule check
[2026-07-16T08:50:42.932+0000] {local_task_job_runner.py:222} INFO - ::endgroup::
