[2026-07-22T10:05:15.744+0000] {local_task_job_runner.py:120} INFO - ::group::Pre task execution logs
[2026-07-22T10:05:15.794+0000] {taskinstance.py:2076} INFO - Dependencies all met for dep_context=non-requeueable deps ti=<TaskInstance: historisation_dwh.historiser_snapshots scheduled__2026-07-21T02:00:00+00:00 [queued]>
[2026-07-22T10:05:15.806+0000] {taskinstance.py:2076} INFO - Dependencies all met for dep_context=requeueable deps ti=<TaskInstance: historisation_dwh.historiser_snapshots scheduled__2026-07-21T02:00:00+00:00 [queued]>
[2026-07-22T10:05:15.808+0000] {taskinstance.py:2306} INFO - Starting attempt 1 of 2
[2026-07-22T10:05:15.828+0000] {taskinstance.py:2330} INFO - Executing <Task(BashOperator): historiser_snapshots> on 2026-07-21 02:00:00+00:00
[2026-07-22T10:05:15.835+0000] {standard_task_runner.py:63} INFO - Started process 2030 to run task
[2026-07-22T10:05:15.838+0000] {standard_task_runner.py:90} INFO - Running: ['airflow', 'tasks', 'run', 'historisation_dwh', 'historiser_snapshots', 'scheduled__2026-07-21T02:00:00+00:00', '--job-id', '46', '--raw', '--subdir', 'DAGS_FOLDER/historisation_dwh.py', '--cfg-path', '/tmp/tmp68ygddyv']
[2026-07-22T10:05:15.841+0000] {standard_task_runner.py:91} INFO - Job 46: Subtask historiser_snapshots
[2026-07-22T10:05:15.939+0000] {task_command.py:426} INFO - Running <TaskInstance: historisation_dwh.historiser_snapshots scheduled__2026-07-21T02:00:00+00:00 [running]> on host 48af0895738b
[2026-07-22T10:05:16.087+0000] {taskinstance.py:2648} INFO - Exporting env vars: AIRFLOW_CTX_DAG_OWNER='data-quality' AIRFLOW_CTX_DAG_ID='historisation_dwh' AIRFLOW_CTX_TASK_ID='historiser_snapshots' AIRFLOW_CTX_EXECUTION_DATE='2026-07-21T02:00:00+00:00' AIRFLOW_CTX_TRY_NUMBER='1' AIRFLOW_CTX_DAG_RUN_ID='scheduled__2026-07-21T02:00:00+00:00'
[2026-07-22T10:05:16.088+0000] {taskinstance.py:430} INFO - ::endgroup::
[2026-07-22T10:05:16.104+0000] {subprocess.py:63} INFO - Tmp dir root location: /tmp
[2026-07-22T10:05:16.106+0000] {subprocess.py:75} INFO - Running command: ['/usr/bin/bash', '-c', 'cd /opt/project/dbt && dbt snapshot --profiles-dir . --target dev']
[2026-07-22T10:05:16.115+0000] {subprocess.py:86} INFO - Output:
[2026-07-22T10:05:18.229+0000] {subprocess.py:93} INFO - [0m10:05:18  Running with dbt=1.8.0
[2026-07-22T10:05:18.506+0000] {subprocess.py:93} INFO - [0m10:05:18  Registered adapter: postgres=1.8.0
[2026-07-22T10:05:19.511+0000] {subprocess.py:93} INFO - [0m10:05:19  Found 18 models, 3 snapshots, 38 data tests, 8 sources, 428 macros
[2026-07-22T10:05:19.516+0000] {subprocess.py:93} INFO - [0m10:05:19
[2026-07-22T10:05:19.829+0000] {subprocess.py:93} INFO - [0m10:05:19  Concurrency: 4 threads (target='dev')
[2026-07-22T10:05:19.831+0000] {subprocess.py:93} INFO - [0m10:05:19
[2026-07-22T10:05:19.842+0000] {subprocess.py:93} INFO - [0m10:05:19  1 of 3 START snapshot dwh_metier.cartes_snapshot ............................... [RUN]
[2026-07-22T10:05:19.844+0000] {subprocess.py:93} INFO - [0m10:05:19  2 of 3 START snapshot dwh_metier.clients_snapshot .............................. [RUN]
[2026-07-22T10:05:19.846+0000] {subprocess.py:93} INFO - [0m10:05:19  3 of 3 START snapshot dwh_metier.comptes_snapshot .............................. [RUN]
[2026-07-22T10:05:20.368+0000] {subprocess.py:93} INFO - [0m10:05:20  1 of 3 OK snapshotted dwh_metier.cartes_snapshot ............................... [[32mINSERT 0 0[0m in 0.52s]
[2026-07-22T10:05:20.376+0000] {subprocess.py:93} INFO - [0m10:05:20  2 of 3 OK snapshotted dwh_metier.clients_snapshot .............................. [[32mINSERT 0 0[0m in 0.52s]
[2026-07-22T10:05:20.379+0000] {subprocess.py:93} INFO - [0m10:05:20  3 of 3 OK snapshotted dwh_metier.comptes_snapshot .............................. [[32mINSERT 0 0[0m in 0.52s]
[2026-07-22T10:05:20.412+0000] {subprocess.py:93} INFO - [0m10:05:20
[2026-07-22T10:05:20.413+0000] {subprocess.py:93} INFO - [0m10:05:20  Finished running 3 snapshots in 0 hours 0 minutes and 0.89 seconds (0.89s).
[2026-07-22T10:05:20.479+0000] {subprocess.py:93} INFO - [0m10:05:20
[2026-07-22T10:05:20.481+0000] {subprocess.py:93} INFO - [0m10:05:20  [32mCompleted successfully[0m
[2026-07-22T10:05:20.482+0000] {subprocess.py:93} INFO - [0m10:05:20
[2026-07-22T10:05:20.483+0000] {subprocess.py:93} INFO - [0m10:05:20  Done. PASS=3 WARN=0 ERROR=0 SKIP=0 TOTAL=3
[2026-07-22T10:05:25.886+0000] {subprocess.py:97} INFO - Command exited with return code 0
[2026-07-22T10:05:25.888+0000] {taskinstance.py:441} INFO - ::group::Post task execution logs
[2026-07-22T10:05:26.080+0000] {taskinstance.py:1206} INFO - Marking task as SUCCESS. dag_id=historisation_dwh, task_id=historiser_snapshots, run_id=scheduled__2026-07-21T02:00:00+00:00, execution_date=20260721T020000, start_date=20260722T100515, end_date=20260722T100526
[2026-07-22T10:05:26.130+0000] {local_task_job_runner.py:240} INFO - Task exited with return code 0
[2026-07-22T10:05:26.154+0000] {taskinstance.py:3503} INFO - 1 downstream tasks scheduled from follow-on schedule check
[2026-07-22T10:05:26.161+0000] {local_task_job_runner.py:222} INFO - ::endgroup::
