[2026-07-17T09:18:30.687+0000] {local_task_job_runner.py:120} INFO - ::group::Pre task execution logs
[2026-07-17T09:18:30.917+0000] {taskinstance.py:2076} INFO - Dependencies all met for dep_context=non-requeueable deps ti=<TaskInstance: historisation_dwh.construire_marts scheduled__2026-07-16T02:00:00+00:00 [queued]>
[2026-07-17T09:18:30.950+0000] {taskinstance.py:2076} INFO - Dependencies all met for dep_context=requeueable deps ti=<TaskInstance: historisation_dwh.construire_marts scheduled__2026-07-16T02:00:00+00:00 [queued]>
[2026-07-17T09:18:30.982+0000] {taskinstance.py:2306} INFO - Starting attempt 1 of 2
[2026-07-17T09:18:31.058+0000] {taskinstance.py:2330} INFO - Executing <Task(BashOperator): construire_marts> on 2026-07-16 02:00:00+00:00
[2026-07-17T09:18:31.120+0000] {standard_task_runner.py:63} INFO - Started process 6546 to run task
[2026-07-17T09:18:31.129+0000] {standard_task_runner.py:90} INFO - Running: ['airflow', 'tasks', 'run', 'historisation_dwh', 'construire_marts', 'scheduled__2026-07-16T02:00:00+00:00', '--job-id', '33', '--raw', '--subdir', 'DAGS_FOLDER/historisation_dwh.py', '--cfg-path', '/tmp/tmppye3e6g2']
[2026-07-17T09:18:31.228+0000] {standard_task_runner.py:91} INFO - Job 33: Subtask construire_marts
[2026-07-17T09:18:31.478+0000] {task_command.py:426} INFO - Running <TaskInstance: historisation_dwh.construire_marts scheduled__2026-07-16T02:00:00+00:00 [running]> on host 48af0895738b
[2026-07-17T09:18:31.809+0000] {taskinstance.py:2648} INFO - Exporting env vars: AIRFLOW_CTX_DAG_OWNER='data-quality' AIRFLOW_CTX_DAG_ID='historisation_dwh' AIRFLOW_CTX_TASK_ID='construire_marts' AIRFLOW_CTX_EXECUTION_DATE='2026-07-16T02:00:00+00:00' AIRFLOW_CTX_TRY_NUMBER='1' AIRFLOW_CTX_DAG_RUN_ID='scheduled__2026-07-16T02:00:00+00:00'
[2026-07-17T09:18:31.812+0000] {taskinstance.py:430} INFO - ::endgroup::
[2026-07-17T09:18:31.862+0000] {subprocess.py:63} INFO - Tmp dir root location: /tmp
[2026-07-17T09:18:31.866+0000] {subprocess.py:75} INFO - Running command: ['/usr/bin/bash', '-c', 'cd /opt/project/dbt && dbt run --profiles-dir . --target dev']
[2026-07-17T09:18:31.884+0000] {subprocess.py:86} INFO - Output:
[2026-07-17T09:18:36.363+0000] {subprocess.py:93} INFO - [0m09:18:36  Running with dbt=1.8.0
[2026-07-17T09:18:36.999+0000] {subprocess.py:93} INFO - [0m09:18:36  Registered adapter: postgres=1.8.0
[2026-07-17T09:18:37.519+0000] {subprocess.py:93} INFO - [0m09:18:37  Unable to do partial parsing because a project config has changed
[2026-07-17T09:18:40.779+0000] {subprocess.py:93} INFO - [0m09:18:40  [[33mWARNING[0m]: Deprecated functionality
[2026-07-17T09:18:40.780+0000] {subprocess.py:93} INFO - The `tests` config has been renamed to `data_tests`. Please see
[2026-07-17T09:18:40.781+0000] {subprocess.py:93} INFO - https://docs.getdbt.com/docs/build/data-tests#new-data_tests-syntax for more
[2026-07-17T09:18:40.782+0000] {subprocess.py:93} INFO - information.
[2026-07-17T09:18:42.122+0000] {subprocess.py:93} INFO - [0m09:18:42  Found 18 models, 3 snapshots, 38 data tests, 8 sources, 428 macros
[2026-07-17T09:18:42.132+0000] {subprocess.py:93} INFO - [0m09:18:42
[2026-07-17T09:18:42.840+0000] {subprocess.py:93} INFO - [0m09:18:42  Concurrency: 4 threads (target='dev')
[2026-07-17T09:18:42.843+0000] {subprocess.py:93} INFO - [0m09:18:42
[2026-07-17T09:18:42.864+0000] {subprocess.py:93} INFO - [0m09:18:42  1 of 18 START sql table model public_dwh_qualite.dim_regle ..................... [RUN]
[2026-07-17T09:18:42.866+0000] {subprocess.py:93} INFO - [0m09:18:42  2 of 18 START sql table model public_dwh_qualite.dim_temps ..................... [RUN]
[2026-07-17T09:18:42.869+0000] {subprocess.py:93} INFO - [0m09:18:42  3 of 18 START sql view model public_staging.stg_agences ........................ [RUN]
[2026-07-17T09:18:42.873+0000] {subprocess.py:93} INFO - [0m09:18:42  4 of 18 START sql view model public_staging.stg_cartes ......................... [RUN]
[2026-07-17T09:18:44.154+0000] {subprocess.py:93} INFO - [0m09:18:44  4 of 18 OK created sql view model public_staging.stg_cartes .................... [[32mCREATE VIEW[0m in 1.26s]
[2026-07-17T09:18:44.169+0000] {subprocess.py:93} INFO - [0m09:18:44  3 of 18 OK created sql view model public_staging.stg_agences ................... [[32mCREATE VIEW[0m in 1.28s]
[2026-07-17T09:18:44.173+0000] {subprocess.py:93} INFO - [0m09:18:44  1 of 18 OK created sql table model public_dwh_qualite.dim_regle ................ [[32mSELECT 9[0m in 1.29s]
[2026-07-17T09:18:44.180+0000] {subprocess.py:93} INFO - [0m09:18:44  2 of 18 OK created sql table model public_dwh_qualite.dim_temps ................ [[32mSELECT 4383[0m in 1.29s]
[2026-07-17T09:18:44.184+0000] {subprocess.py:93} INFO - [0m09:18:44  5 of 18 START sql view model public_staging.stg_clients ........................ [RUN]
[2026-07-17T09:18:44.194+0000] {subprocess.py:93} INFO - [0m09:18:44  6 of 18 START sql view model public_staging.stg_comptes ........................ [RUN]
[2026-07-17T09:18:44.198+0000] {subprocess.py:93} INFO - [0m09:18:44  7 of 18 START sql view model public_staging.stg_digital_usage .................. [RUN]
[2026-07-17T09:18:44.205+0000] {subprocess.py:93} INFO - [0m09:18:44  8 of 18 START sql view model public_staging.stg_gabs ........................... [RUN]
[2026-07-17T09:18:44.500+0000] {subprocess.py:93} INFO - [0m09:18:44  6 of 18 OK created sql view model public_staging.stg_comptes ................... [[32mCREATE VIEW[0m in 0.29s]
[2026-07-17T09:18:44.502+0000] {subprocess.py:93} INFO - [0m09:18:44  5 of 18 OK created sql view model public_staging.stg_clients ................... [[32mCREATE VIEW[0m in 0.30s]
[2026-07-17T09:18:44.509+0000] {subprocess.py:93} INFO - [0m09:18:44  7 of 18 OK created sql view model public_staging.stg_digital_usage ............. [[32mCREATE VIEW[0m in 0.30s]
[2026-07-17T09:18:44.517+0000] {subprocess.py:93} INFO - [0m09:18:44  9 of 18 START sql view model public_staging.stg_transactions ................... [RUN]
[2026-07-17T09:18:44.520+0000] {subprocess.py:93} INFO - [0m09:18:44  10 of 18 START sql table model public_dwh_metier.dim_agence .................... [RUN]
[2026-07-17T09:18:44.525+0000] {subprocess.py:93} INFO - [0m09:18:44  8 of 18 OK created sql view model public_staging.stg_gabs ...................... [[32mCREATE VIEW[0m in 0.30s]
[2026-07-17T09:18:44.529+0000] {subprocess.py:93} INFO - [0m09:18:44  11 of 18 START sql table model public_marts.dim_agences ........................ [RUN]
[2026-07-17T09:18:44.554+0000] {subprocess.py:93} INFO - [0m09:18:44  12 of 18 START sql table model public_dwh_qualite.fct_quality .................. [RUN]
[2026-07-17T09:18:44.762+0000] {subprocess.py:93} INFO - [0m09:18:44  9 of 18 OK created sql view model public_staging.stg_transactions .............. [[32mCREATE VIEW[0m in 0.24s]
[2026-07-17T09:18:44.767+0000] {subprocess.py:93} INFO - [0m09:18:44  13 of 18 START sql table model public_dwh_metier.dim_compte .................... [RUN]
[2026-07-17T09:18:44.857+0000] {subprocess.py:93} INFO - [0m09:18:44  11 of 18 OK created sql table model public_marts.dim_agences ................... [[32mSELECT 20[0m in 0.32s]
[2026-07-17T09:18:44.869+0000] {subprocess.py:93} INFO - [0m09:18:44  14 of 18 START sql table model public_dwh_metier.dim_client .................... [RUN]
[2026-07-17T09:18:44.987+0000] {subprocess.py:93} INFO - [0m09:18:44  10 of 18 OK created sql table model public_dwh_metier.dim_agence ............... [[32mSELECT 20[0m in 0.46s]
[2026-07-17T09:18:44.996+0000] {subprocess.py:93} INFO - [0m09:18:44  15 of 18 START sql table model public_marts.dim_clients ........................ [RUN]
[2026-07-17T09:18:45.964+0000] {subprocess.py:93} INFO - [0m09:18:45  14 of 18 OK created sql table model public_dwh_metier.dim_client ............... [[32mSELECT 4850[0m in 1.09s]
[2026-07-17T09:18:45.973+0000] {subprocess.py:93} INFO - [0m09:18:45  16 of 18 START sql table model public_marts.dim_comptes ........................ [RUN]
[2026-07-17T09:18:46.070+0000] {subprocess.py:93} INFO - [0m09:18:46  13 of 18 OK created sql table model public_dwh_metier.dim_compte ............... [[32mSELECT 6600[0m in 1.29s]
[2026-07-17T09:18:46.086+0000] {subprocess.py:93} INFO - [0m09:18:46  17 of 18 START sql table model public_dwh_metier.fct_transaction ............... [RUN]
[2026-07-17T09:18:46.206+0000] {subprocess.py:93} INFO - [0m09:18:46  15 of 18 OK created sql table model public_marts.dim_clients ................... [[32mSELECT 5000[0m in 1.20s]
[2026-07-17T09:18:46.224+0000] {subprocess.py:93} INFO - [0m09:18:46  18 of 18 START sql table model public_marts.fct_transactions ................... [RUN]
[2026-07-17T09:18:46.357+0000] {subprocess.py:93} INFO - [0m09:18:46  16 of 18 OK created sql table model public_marts.dim_comptes ................... [[32mSELECT 7007[0m in 0.38s]
[2026-07-17T09:18:46.393+0000] {subprocess.py:93} INFO - [0m09:18:46  12 of 18 OK created sql table model public_dwh_qualite.fct_quality ............. [[32mSELECT 168507[0m in 1.83s]
[2026-07-17T09:18:46.783+0000] {subprocess.py:93} INFO - [0m09:18:46  17 of 18 OK created sql table model public_dwh_metier.fct_transaction .......... [[32mSELECT 91490[0m in 0.69s]
[2026-07-17T09:18:46.971+0000] {subprocess.py:93} INFO - [0m09:18:46  18 of 18 OK created sql table model public_marts.fct_transactions .............. [[32mSELECT 100000[0m in 0.74s]
[2026-07-17T09:18:47.009+0000] {subprocess.py:93} INFO - [0m09:18:47
[2026-07-17T09:18:47.011+0000] {subprocess.py:93} INFO - [0m09:18:47  Finished running 7 view models, 11 table models in 0 hours 0 minutes and 4.87 seconds (4.87s).
[2026-07-17T09:18:47.107+0000] {subprocess.py:93} INFO - [0m09:18:47
[2026-07-17T09:18:47.109+0000] {subprocess.py:93} INFO - [0m09:18:47  [32mCompleted successfully[0m
[2026-07-17T09:18:47.110+0000] {subprocess.py:93} INFO - [0m09:18:47
[2026-07-17T09:18:47.112+0000] {subprocess.py:93} INFO - [0m09:18:47  Done. PASS=18 WARN=0 ERROR=0 SKIP=0 TOTAL=18
[2026-07-17T09:18:49.585+0000] {subprocess.py:97} INFO - Command exited with return code 0
[2026-07-17T09:18:49.587+0000] {taskinstance.py:441} INFO - ::group::Post task execution logs
[2026-07-17T09:18:50.061+0000] {taskinstance.py:1206} INFO - Marking task as SUCCESS. dag_id=historisation_dwh, task_id=construire_marts, run_id=scheduled__2026-07-16T02:00:00+00:00, execution_date=20260716T020000, start_date=20260717T091830, end_date=20260717T091850
[2026-07-17T09:18:50.125+0000] {local_task_job_runner.py:240} INFO - Task exited with return code 0
[2026-07-17T09:18:50.157+0000] {taskinstance.py:3503} INFO - 1 downstream tasks scheduled from follow-on schedule check
[2026-07-17T09:18:50.267+0000] {local_task_job_runner.py:222} INFO - ::endgroup::
