[2026-07-21T21:16:55.964+0000] {local_task_job_runner.py:120} INFO - ::group::Pre task execution logs
[2026-07-21T21:16:55.999+0000] {taskinstance.py:2076} INFO - Dependencies all met for dep_context=non-requeueable deps ti=<TaskInstance: historisation_dwh.construire_marts scheduled__2026-07-20T02:00:00+00:00 [queued]>
[2026-07-21T21:16:56.006+0000] {taskinstance.py:2076} INFO - Dependencies all met for dep_context=requeueable deps ti=<TaskInstance: historisation_dwh.construire_marts scheduled__2026-07-20T02:00:00+00:00 [queued]>
[2026-07-21T21:16:56.008+0000] {taskinstance.py:2306} INFO - Starting attempt 1 of 2
[2026-07-21T21:16:56.023+0000] {taskinstance.py:2330} INFO - Executing <Task(BashOperator): construire_marts> on 2026-07-20 02:00:00+00:00
[2026-07-21T21:16:56.027+0000] {standard_task_runner.py:63} INFO - Started process 261 to run task
[2026-07-21T21:16:56.030+0000] {standard_task_runner.py:90} INFO - Running: ['airflow', 'tasks', 'run', 'historisation_dwh', 'construire_marts', 'scheduled__2026-07-20T02:00:00+00:00', '--job-id', '42', '--raw', '--subdir', 'DAGS_FOLDER/historisation_dwh.py', '--cfg-path', '/tmp/tmp6rixion1']
[2026-07-21T21:16:56.032+0000] {standard_task_runner.py:91} INFO - Job 42: Subtask construire_marts
[2026-07-21T21:16:56.118+0000] {task_command.py:426} INFO - Running <TaskInstance: historisation_dwh.construire_marts scheduled__2026-07-20T02:00:00+00:00 [running]> on host 48af0895738b
[2026-07-21T21:16:56.232+0000] {taskinstance.py:2648} INFO - Exporting env vars: AIRFLOW_CTX_DAG_OWNER='data-quality' AIRFLOW_CTX_DAG_ID='historisation_dwh' AIRFLOW_CTX_TASK_ID='construire_marts' AIRFLOW_CTX_EXECUTION_DATE='2026-07-20T02:00:00+00:00' AIRFLOW_CTX_TRY_NUMBER='1' AIRFLOW_CTX_DAG_RUN_ID='scheduled__2026-07-20T02:00:00+00:00'
[2026-07-21T21:16:56.233+0000] {taskinstance.py:430} INFO - ::endgroup::
[2026-07-21T21:16:56.244+0000] {subprocess.py:63} INFO - Tmp dir root location: /tmp
[2026-07-21T21:16:56.246+0000] {subprocess.py:75} INFO - Running command: ['/usr/bin/bash', '-c', 'cd /opt/project/dbt && dbt run --profiles-dir . --target dev']
[2026-07-21T21:16:56.255+0000] {subprocess.py:86} INFO - Output:
[2026-07-21T21:16:57.825+0000] {subprocess.py:93} INFO - [0m21:16:57  Running with dbt=1.8.0
[2026-07-21T21:16:58.099+0000] {subprocess.py:93} INFO - [0m21:16:58  Registered adapter: postgres=1.8.0
[2026-07-21T21:16:59.012+0000] {subprocess.py:93} INFO - [0m21:16:59  Found 18 models, 3 snapshots, 38 data tests, 8 sources, 428 macros
[2026-07-21T21:16:59.016+0000] {subprocess.py:93} INFO - [0m21:16:59
[2026-07-21T21:16:59.328+0000] {subprocess.py:93} INFO - [0m21:16:59  Concurrency: 4 threads (target='dev')
[2026-07-21T21:16:59.329+0000] {subprocess.py:93} INFO - [0m21:16:59
[2026-07-21T21:16:59.340+0000] {subprocess.py:93} INFO - [0m21:16:59  1 of 18 START sql table model public_dwh_qualite.dim_regle ..................... [RUN]
[2026-07-21T21:16:59.341+0000] {subprocess.py:93} INFO - [0m21:16:59  2 of 18 START sql table model public_dwh_qualite.dim_temps ..................... [RUN]
[2026-07-21T21:16:59.342+0000] {subprocess.py:93} INFO - [0m21:16:59  3 of 18 START sql view model public_staging.stg_agences ........................ [RUN]
[2026-07-21T21:16:59.344+0000] {subprocess.py:93} INFO - [0m21:16:59  4 of 18 START sql view model public_staging.stg_cartes ......................... [RUN]
[2026-07-21T21:16:59.629+0000] {subprocess.py:93} INFO - [0m21:16:59  4 of 18 OK created sql view model public_staging.stg_cartes .................... [[32mCREATE VIEW[0m in 0.28s]
[2026-07-21T21:16:59.638+0000] {subprocess.py:93} INFO - [0m21:16:59  3 of 18 OK created sql view model public_staging.stg_agences ................... [[32mCREATE VIEW[0m in 0.28s]
[2026-07-21T21:16:59.641+0000] {subprocess.py:93} INFO - [0m21:16:59  1 of 18 OK created sql table model public_dwh_qualite.dim_regle ................ [[32mSELECT 9[0m in 0.29s]
[2026-07-21T21:16:59.643+0000] {subprocess.py:93} INFO - [0m21:16:59  5 of 18 START sql view model public_staging.stg_clients ........................ [RUN]
[2026-07-21T21:16:59.645+0000] {subprocess.py:93} INFO - [0m21:16:59  2 of 18 OK created sql table model public_dwh_qualite.dim_temps ................ [[32mSELECT 4383[0m in 0.29s]
[2026-07-21T21:16:59.651+0000] {subprocess.py:93} INFO - [0m21:16:59  6 of 18 START sql view model public_staging.stg_comptes ........................ [RUN]
[2026-07-21T21:16:59.655+0000] {subprocess.py:93} INFO - [0m21:16:59  7 of 18 START sql view model public_staging.stg_digital_usage .................. [RUN]
[2026-07-21T21:16:59.660+0000] {subprocess.py:93} INFO - [0m21:16:59  8 of 18 START sql view model public_staging.stg_gabs ........................... [RUN]
[2026-07-21T21:16:59.853+0000] {subprocess.py:93} INFO - [0m21:16:59  5 of 18 OK created sql view model public_staging.stg_clients ................... [[32mCREATE VIEW[0m in 0.20s]
[2026-07-21T21:16:59.866+0000] {subprocess.py:93} INFO - [0m21:16:59  6 of 18 OK created sql view model public_staging.stg_comptes ................... [[32mCREATE VIEW[0m in 0.20s]
[2026-07-21T21:16:59.867+0000] {subprocess.py:93} INFO - [0m21:16:59  9 of 18 START sql view model public_staging.stg_transactions ................... [RUN]
[2026-07-21T21:16:59.869+0000] {subprocess.py:93} INFO - [0m21:16:59  8 of 18 OK created sql view model public_staging.stg_gabs ...................... [[32mCREATE VIEW[0m in 0.20s]
[2026-07-21T21:16:59.873+0000] {subprocess.py:93} INFO - [0m21:16:59  7 of 18 OK created sql view model public_staging.stg_digital_usage ............. [[32mCREATE VIEW[0m in 0.21s]
[2026-07-21T21:16:59.879+0000] {subprocess.py:93} INFO - [0m21:16:59  10 of 18 START sql table model public_dwh_metier.dim_agence .................... [RUN]
[2026-07-21T21:16:59.884+0000] {subprocess.py:93} INFO - [0m21:16:59  11 of 18 START sql table model public_marts.dim_agences ........................ [RUN]
[2026-07-21T21:16:59.887+0000] {subprocess.py:93} INFO - [0m21:16:59  12 of 18 START sql table model public_dwh_qualite.fct_quality .................. [RUN]
[2026-07-21T21:17:00.073+0000] {subprocess.py:93} INFO - [0m21:17:00  9 of 18 OK created sql view model public_staging.stg_transactions .............. [[32mCREATE VIEW[0m in 0.20s]
[2026-07-21T21:17:00.084+0000] {subprocess.py:93} INFO - [0m21:17:00  13 of 18 START sql table model public_dwh_metier.dim_client .................... [RUN]
[2026-07-21T21:17:00.127+0000] {subprocess.py:93} INFO - [0m21:17:00  11 of 18 OK created sql table model public_marts.dim_agences ................... [[32mSELECT 20[0m in 0.24s]
[2026-07-21T21:17:00.139+0000] {subprocess.py:93} INFO - [0m21:17:00  14 of 18 START sql table model public_marts.dim_clients ........................ [RUN]
[2026-07-21T21:17:00.141+0000] {subprocess.py:93} INFO - [0m21:17:00  10 of 18 OK created sql table model public_dwh_metier.dim_agence ............... [[32mSELECT 20[0m in 0.25s]
[2026-07-21T21:17:00.157+0000] {subprocess.py:93} INFO - [0m21:17:00  15 of 18 START sql table model public_dwh_metier.dim_compte .................... [RUN]
[2026-07-21T21:17:00.525+0000] {subprocess.py:93} INFO - [0m21:17:00  13 of 18 OK created sql table model public_dwh_metier.dim_client ............... [[32mSELECT 4850[0m in 0.43s]
[2026-07-21T21:17:00.540+0000] {subprocess.py:93} INFO - [0m21:17:00  16 of 18 START sql table model public_marts.dim_comptes ........................ [RUN]
[2026-07-21T21:17:00.566+0000] {subprocess.py:93} INFO - [0m21:17:00  15 of 18 OK created sql table model public_dwh_metier.dim_compte ............... [[32mSELECT 6600[0m in 0.39s]
[2026-07-21T21:17:00.570+0000] {subprocess.py:93} INFO - [0m21:17:00  14 of 18 OK created sql table model public_marts.dim_clients ................... [[32mSELECT 5000[0m in 0.42s]
[2026-07-21T21:17:00.582+0000] {subprocess.py:93} INFO - [0m21:17:00  17 of 18 START sql table model public_dwh_metier.fct_transaction ............... [RUN]
[2026-07-21T21:17:00.588+0000] {subprocess.py:93} INFO - [0m21:17:00  18 of 18 START sql table model public_marts.fct_transactions ................... [RUN]
[2026-07-21T21:17:00.641+0000] {subprocess.py:93} INFO - [0m21:17:00  12 of 18 OK created sql table model public_dwh_qualite.fct_quality ............. [[32mSELECT 168507[0m in 0.74s]
[2026-07-21T21:17:00.730+0000] {subprocess.py:93} INFO - [0m21:17:00  16 of 18 OK created sql table model public_marts.dim_comptes ................... [[32mSELECT 7007[0m in 0.18s]
[2026-07-21T21:17:01.098+0000] {subprocess.py:93} INFO - [0m21:17:01  17 of 18 OK created sql table model public_dwh_metier.fct_transaction .......... [[32mSELECT 91490[0m in 0.51s]
[2026-07-21T21:17:01.124+0000] {subprocess.py:93} INFO - [0m21:17:01  18 of 18 OK created sql table model public_marts.fct_transactions .............. [[32mSELECT 100000[0m in 0.53s]
[2026-07-21T21:17:01.154+0000] {subprocess.py:93} INFO - [0m21:17:01
[2026-07-21T21:17:01.155+0000] {subprocess.py:93} INFO - [0m21:17:01  Finished running 7 view models, 11 table models in 0 hours 0 minutes and 2.14 seconds (2.14s).
[2026-07-21T21:17:01.219+0000] {subprocess.py:93} INFO - [0m21:17:01
[2026-07-21T21:17:01.220+0000] {subprocess.py:93} INFO - [0m21:17:01  [32mCompleted successfully[0m
[2026-07-21T21:17:01.221+0000] {subprocess.py:93} INFO - [0m21:17:01
[2026-07-21T21:17:01.222+0000] {subprocess.py:93} INFO - [0m21:17:01  Done. PASS=18 WARN=0 ERROR=0 SKIP=0 TOTAL=18
[2026-07-21T21:17:09.084+0000] {subprocess.py:97} INFO - Command exited with return code 0
[2026-07-21T21:17:09.086+0000] {taskinstance.py:441} INFO - ::group::Post task execution logs
[2026-07-21T21:17:09.301+0000] {taskinstance.py:1206} INFO - Marking task as SUCCESS. dag_id=historisation_dwh, task_id=construire_marts, run_id=scheduled__2026-07-20T02:00:00+00:00, execution_date=20260720T020000, start_date=20260721T211656, end_date=20260721T211709
[2026-07-21T21:17:09.365+0000] {local_task_job_runner.py:240} INFO - Task exited with return code 0
[2026-07-21T21:17:09.397+0000] {taskinstance.py:3503} INFO - 1 downstream tasks scheduled from follow-on schedule check
[2026-07-21T21:17:09.414+0000] {local_task_job_runner.py:222} INFO - ::endgroup::
