[2026-07-21T21:16:16.851+0000] {local_task_job_runner.py:120} INFO - ::group::Pre task execution logs
[2026-07-21T21:16:16.919+0000] {taskinstance.py:2076} INFO - Dependencies all met for dep_context=non-requeueable deps ti=<TaskInstance: historisation_dwh.construire_marts scheduled__2026-07-17T02:00:00+00:00 [queued]>
[2026-07-21T21:16:16.930+0000] {taskinstance.py:2076} INFO - Dependencies all met for dep_context=requeueable deps ti=<TaskInstance: historisation_dwh.construire_marts scheduled__2026-07-17T02:00:00+00:00 [queued]>
[2026-07-21T21:16:16.931+0000] {taskinstance.py:2306} INFO - Starting attempt 1 of 2
[2026-07-21T21:16:16.953+0000] {taskinstance.py:2330} INFO - Executing <Task(BashOperator): construire_marts> on 2026-07-17 02:00:00+00:00
[2026-07-21T21:16:16.961+0000] {standard_task_runner.py:63} INFO - Started process 187 to run task
[2026-07-21T21:16:16.964+0000] {standard_task_runner.py:90} INFO - Running: ['airflow', 'tasks', 'run', 'historisation_dwh', 'construire_marts', 'scheduled__2026-07-17T02:00:00+00:00', '--job-id', '37', '--raw', '--subdir', 'DAGS_FOLDER/historisation_dwh.py', '--cfg-path', '/tmp/tmpj0ozwv1q']
[2026-07-21T21:16:16.967+0000] {standard_task_runner.py:91} INFO - Job 37: Subtask construire_marts
[2026-07-21T21:16:17.085+0000] {task_command.py:426} INFO - Running <TaskInstance: historisation_dwh.construire_marts scheduled__2026-07-17T02:00:00+00:00 [running]> on host 48af0895738b
[2026-07-21T21:16:17.239+0000] {taskinstance.py:2648} INFO - Exporting env vars: AIRFLOW_CTX_DAG_OWNER='data-quality' AIRFLOW_CTX_DAG_ID='historisation_dwh' AIRFLOW_CTX_TASK_ID='construire_marts' AIRFLOW_CTX_EXECUTION_DATE='2026-07-17T02:00:00+00:00' AIRFLOW_CTX_TRY_NUMBER='1' AIRFLOW_CTX_DAG_RUN_ID='scheduled__2026-07-17T02:00:00+00:00'
[2026-07-21T21:16:17.241+0000] {taskinstance.py:430} INFO - ::endgroup::
[2026-07-21T21:16:17.260+0000] {subprocess.py:63} INFO - Tmp dir root location: /tmp
[2026-07-21T21:16:17.262+0000] {subprocess.py:75} INFO - Running command: ['/usr/bin/bash', '-c', 'cd /opt/project/dbt && dbt run --profiles-dir . --target dev']
[2026-07-21T21:16:17.272+0000] {subprocess.py:86} INFO - Output:
[2026-07-21T21:16:20.428+0000] {subprocess.py:93} INFO - [0m21:16:20  Running with dbt=1.8.0
[2026-07-21T21:16:21.084+0000] {subprocess.py:93} INFO - [0m21:16:21  Registered adapter: postgres=1.8.0
[2026-07-21T21:16:22.837+0000] {subprocess.py:93} INFO - [0m21:16:22  Found 18 models, 3 snapshots, 38 data tests, 8 sources, 428 macros
[2026-07-21T21:16:22.843+0000] {subprocess.py:93} INFO - [0m21:16:22
[2026-07-21T21:16:23.341+0000] {subprocess.py:93} INFO - [0m21:16:23  Concurrency: 4 threads (target='dev')
[2026-07-21T21:16:23.346+0000] {subprocess.py:93} INFO - [0m21:16:23
[2026-07-21T21:16:23.404+0000] {subprocess.py:93} INFO - [0m21:16:23  1 of 18 START sql table model public_dwh_qualite.dim_regle ..................... [RUN]
[2026-07-21T21:16:23.410+0000] {subprocess.py:93} INFO - [0m21:16:23  2 of 18 START sql table model public_dwh_qualite.dim_temps ..................... [RUN]
[2026-07-21T21:16:23.413+0000] {subprocess.py:93} INFO - [0m21:16:23  3 of 18 START sql view model public_staging.stg_agences ........................ [RUN]
[2026-07-21T21:16:23.421+0000] {subprocess.py:93} INFO - [0m21:16:23  4 of 18 START sql view model public_staging.stg_cartes ......................... [RUN]
[2026-07-21T21:16:24.571+0000] {subprocess.py:93} INFO - [0m21:16:24  4 of 18 OK created sql view model public_staging.stg_cartes .................... [[32mCREATE VIEW[0m in 1.09s]
[2026-07-21T21:16:24.588+0000] {subprocess.py:93} INFO - [0m21:16:24  1 of 18 OK created sql table model public_dwh_qualite.dim_regle ................ [[32mSELECT 9[0m in 1.13s]
[2026-07-21T21:16:24.614+0000] {subprocess.py:93} INFO - [0m21:16:24  5 of 18 START sql view model public_staging.stg_clients ........................ [RUN]
[2026-07-21T21:16:24.622+0000] {subprocess.py:93} INFO - [0m21:16:24  3 of 18 OK created sql view model public_staging.stg_agences ................... [[32mCREATE VIEW[0m in 1.15s]
[2026-07-21T21:16:24.643+0000] {subprocess.py:93} INFO - [0m21:16:24  6 of 18 START sql view model public_staging.stg_comptes ........................ [RUN]
[2026-07-21T21:16:24.650+0000] {subprocess.py:93} INFO - [0m21:16:24  2 of 18 OK created sql table model public_dwh_qualite.dim_temps ................ [[32mSELECT 4383[0m in 1.18s]
[2026-07-21T21:16:24.681+0000] {subprocess.py:93} INFO - [0m21:16:24  7 of 18 START sql view model public_staging.stg_digital_usage .................. [RUN]
[2026-07-21T21:16:24.700+0000] {subprocess.py:93} INFO - [0m21:16:24  8 of 18 START sql view model public_staging.stg_gabs ........................... [RUN]
[2026-07-21T21:16:25.007+0000] {subprocess.py:93} INFO - [0m21:16:25  5 of 18 OK created sql view model public_staging.stg_clients ................... [[32mCREATE VIEW[0m in 0.37s]
[2026-07-21T21:16:25.017+0000] {subprocess.py:93} INFO - [0m21:16:25  7 of 18 OK created sql view model public_staging.stg_digital_usage ............. [[32mCREATE VIEW[0m in 0.32s]
[2026-07-21T21:16:25.028+0000] {subprocess.py:93} INFO - [0m21:16:25  9 of 18 START sql view model public_staging.stg_transactions ................... [RUN]
[2026-07-21T21:16:25.039+0000] {subprocess.py:93} INFO - [0m21:16:25  10 of 18 START sql table model public_dwh_qualite.fct_quality .................. [RUN]
[2026-07-21T21:16:25.044+0000] {subprocess.py:93} INFO - [0m21:16:25  6 of 18 OK created sql view model public_staging.stg_comptes ................... [[32mCREATE VIEW[0m in 0.38s]
[2026-07-21T21:16:25.068+0000] {subprocess.py:93} INFO - [0m21:16:25  11 of 18 START sql table model public_dwh_metier.dim_agence .................... [RUN]
[2026-07-21T21:16:25.070+0000] {subprocess.py:93} INFO - [0m21:16:25  8 of 18 OK created sql view model public_staging.stg_gabs ...................... [[32mCREATE VIEW[0m in 0.35s]
[2026-07-21T21:16:25.090+0000] {subprocess.py:93} INFO - [0m21:16:25  12 of 18 START sql table model public_marts.dim_agences ........................ [RUN]
[2026-07-21T21:16:25.248+0000] {subprocess.py:93} INFO - [0m21:16:25  9 of 18 OK created sql view model public_staging.stg_transactions .............. [[32mCREATE VIEW[0m in 0.21s]
[2026-07-21T21:16:25.266+0000] {subprocess.py:93} INFO - [0m21:16:25  13 of 18 START sql table model public_dwh_metier.dim_client .................... [RUN]
[2026-07-21T21:16:25.361+0000] {subprocess.py:93} INFO - [0m21:16:25  11 of 18 OK created sql table model public_dwh_metier.dim_agence ............... [[32mSELECT 20[0m in 0.29s]
[2026-07-21T21:16:25.366+0000] {subprocess.py:93} INFO - [0m21:16:25  14 of 18 START sql table model public_marts.dim_clients ........................ [RUN]
[2026-07-21T21:16:25.384+0000] {subprocess.py:93} INFO - [0m21:16:25  12 of 18 OK created sql table model public_marts.dim_agences ................... [[32mSELECT 20[0m in 0.29s]
[2026-07-21T21:16:25.395+0000] {subprocess.py:93} INFO - [0m21:16:25  15 of 18 START sql table model public_dwh_metier.dim_compte .................... [RUN]
[2026-07-21T21:16:25.654+0000] {subprocess.py:93} INFO - [0m21:16:25  13 of 18 OK created sql table model public_dwh_metier.dim_client ............... [[32mSELECT 4850[0m in 0.37s]
[2026-07-21T21:16:25.667+0000] {subprocess.py:93} INFO - [0m21:16:25  16 of 18 START sql table model public_marts.dim_comptes ........................ [RUN]
[2026-07-21T21:16:25.725+0000] {subprocess.py:93} INFO - [0m21:16:25  15 of 18 OK created sql table model public_dwh_metier.dim_compte ............... [[32mSELECT 6600[0m in 0.32s]
[2026-07-21T21:16:25.734+0000] {subprocess.py:93} INFO - [0m21:16:25  14 of 18 OK created sql table model public_marts.dim_clients ................... [[32mSELECT 5000[0m in 0.36s]
[2026-07-21T21:16:25.736+0000] {subprocess.py:93} INFO - [0m21:16:25  17 of 18 START sql table model public_dwh_metier.fct_transaction ............... [RUN]
[2026-07-21T21:16:25.750+0000] {subprocess.py:93} INFO - [0m21:16:25  18 of 18 START sql table model public_marts.fct_transactions ................... [RUN]
[2026-07-21T21:16:25.916+0000] {subprocess.py:93} INFO - [0m21:16:25  10 of 18 OK created sql table model public_dwh_qualite.fct_quality ............. [[32mSELECT 168507[0m in 0.87s]
[2026-07-21T21:16:25.984+0000] {subprocess.py:93} INFO - [0m21:16:25  16 of 18 OK created sql table model public_marts.dim_comptes ................... [[32mSELECT 7007[0m in 0.31s]
[2026-07-21T21:16:26.252+0000] {subprocess.py:93} INFO - [0m21:16:26  17 of 18 OK created sql table model public_dwh_metier.fct_transaction .......... [[32mSELECT 91490[0m in 0.51s]
[2026-07-21T21:16:26.300+0000] {subprocess.py:93} INFO - [0m21:16:26  18 of 18 OK created sql table model public_marts.fct_transactions .............. [[32mSELECT 100000[0m in 0.54s]
[2026-07-21T21:16:26.342+0000] {subprocess.py:93} INFO - [0m21:16:26
[2026-07-21T21:16:26.344+0000] {subprocess.py:93} INFO - [0m21:16:26  Finished running 7 view models, 11 table models in 0 hours 0 minutes and 3.50 seconds (3.50s).
[2026-07-21T21:16:26.430+0000] {subprocess.py:93} INFO - [0m21:16:26
[2026-07-21T21:16:26.431+0000] {subprocess.py:93} INFO - [0m21:16:26  [32mCompleted successfully[0m
[2026-07-21T21:16:26.432+0000] {subprocess.py:93} INFO - [0m21:16:26
[2026-07-21T21:16:26.433+0000] {subprocess.py:93} INFO - [0m21:16:26  Done. PASS=18 WARN=0 ERROR=0 SKIP=0 TOTAL=18
[2026-07-21T21:16:34.720+0000] {subprocess.py:97} INFO - Command exited with return code 0
[2026-07-21T21:16:34.722+0000] {taskinstance.py:441} INFO - ::group::Post task execution logs
[2026-07-21T21:16:34.936+0000] {taskinstance.py:1206} INFO - Marking task as SUCCESS. dag_id=historisation_dwh, task_id=construire_marts, run_id=scheduled__2026-07-17T02:00:00+00:00, execution_date=20260717T020000, start_date=20260721T211616, end_date=20260721T211634
[2026-07-21T21:16:34.973+0000] {local_task_job_runner.py:240} INFO - Task exited with return code 0
[2026-07-21T21:16:34.999+0000] {taskinstance.py:3503} INFO - 1 downstream tasks scheduled from follow-on schedule check
[2026-07-21T21:16:35.003+0000] {local_task_job_runner.py:222} INFO - ::endgroup::
