[2026-07-16T00:06:22.876+0000] {local_task_job_runner.py:120} INFO - ::group::Pre task execution logs
[2026-07-16T00:06:22.926+0000] {taskinstance.py:2076} INFO - Dependencies all met for dep_context=non-requeueable deps ti=<TaskInstance: ingestion_donnees.transformer_dbt minio_20260716T000617_693416 [queued]>
[2026-07-16T00:06:22.937+0000] {taskinstance.py:2076} INFO - Dependencies all met for dep_context=requeueable deps ti=<TaskInstance: ingestion_donnees.transformer_dbt minio_20260716T000617_693416 [queued]>
[2026-07-16T00:06:22.939+0000] {taskinstance.py:2306} INFO - Starting attempt 1 of 2
[2026-07-16T00:06:22.953+0000] {taskinstance.py:2330} INFO - Executing <Task(BashOperator): transformer_dbt> on 2026-07-16 00:06:17.573826+00:00
[2026-07-16T00:06:22.959+0000] {standard_task_runner.py:63} INFO - Started process 1797 to run task
[2026-07-16T00:06:22.963+0000] {standard_task_runner.py:90} INFO - Running: ['airflow', 'tasks', 'run', 'ingestion_donnees', 'transformer_dbt', 'minio_20260716T000617_693416', '--job-id', '16', '--raw', '--subdir', 'DAGS_FOLDER/ingestion_donnees.py', '--cfg-path', '/tmp/tmp272si_p8']
[2026-07-16T00:06:22.965+0000] {standard_task_runner.py:91} INFO - Job 16: Subtask transformer_dbt
[2026-07-16T00:06:23.053+0000] {task_command.py:426} INFO - Running <TaskInstance: ingestion_donnees.transformer_dbt minio_20260716T000617_693416 [running]> on host 48af0895738b
[2026-07-16T00:06:23.344+0000] {taskinstance.py:2648} INFO - Exporting env vars: AIRFLOW_CTX_DAG_OWNER='data-quality' AIRFLOW_CTX_DAG_ID='ingestion_donnees' AIRFLOW_CTX_TASK_ID='transformer_dbt' AIRFLOW_CTX_EXECUTION_DATE='2026-07-16T00:06:17.573826+00:00' AIRFLOW_CTX_TRY_NUMBER='1' AIRFLOW_CTX_DAG_RUN_ID='minio_20260716T000617_693416'
[2026-07-16T00:06:23.346+0000] {taskinstance.py:430} INFO - ::endgroup::
[2026-07-16T00:06:23.353+0000] {subprocess.py:63} INFO - Tmp dir root location: /tmp
[2026-07-16T00:06:23.355+0000] {subprocess.py:75} INFO - Running command: ['/usr/bin/bash', '-c', 'cd /opt/project/dbt && dbt run --profiles-dir . --target prod && dbt test --profiles-dir . --target prod || true']
[2026-07-16T00:06:23.365+0000] {subprocess.py:86} INFO - Output:
[2026-07-16T00:06:25.542+0000] {subprocess.py:93} INFO - [0m00:06:25  Running with dbt=1.8.0
[2026-07-16T00:06:25.558+0000] {subprocess.py:93} INFO - [0m00:06:25  Encountered an error:
[2026-07-16T00:06:25.559+0000] {subprocess.py:93} INFO - Runtime Error
[2026-07-16T00:06:25.559+0000] {subprocess.py:93} INFO -   The profile 'barid_bank' does not have a target named 'prod'. The valid target names for this profile are:
[2026-07-16T00:06:25.560+0000] {subprocess.py:93} INFO -    - dev
[2026-07-16T00:06:26.641+0000] {subprocess.py:97} INFO - Command exited with return code 0
[2026-07-16T00:06:26.642+0000] {taskinstance.py:441} INFO - ::group::Post task execution logs
[2026-07-16T00:06:26.683+0000] {taskinstance.py:1206} INFO - Marking task as SUCCESS. dag_id=ingestion_donnees, task_id=transformer_dbt, run_id=minio_20260716T000617_693416, execution_date=20260716T000617, start_date=20260716T000622, end_date=20260716T000626
[2026-07-16T00:06:26.714+0000] {local_task_job_runner.py:240} INFO - Task exited with return code 0
[2026-07-16T00:06:26.748+0000] {taskinstance.py:3503} INFO - 1 downstream tasks scheduled from follow-on schedule check
[2026-07-16T00:06:26.751+0000] {local_task_job_runner.py:222} INFO - ::endgroup::
